<?xml version="1.0" encoding="UTF-8"?>
<testng-results ignored="0" total="1" passed="1" failed="0" skipped="0">
  <reporter-output>
  </reporter-output>
  <suite started-at="2024-03-14T02:10:09 IST" name="Suite" finished-at="2024-03-14T02:10:20 IST" duration-ms="10211">
    <groups>
    </groups>
    <test started-at="2024-03-14T02:10:09 IST" name="BankingApp_Test" finished-at="2024-03-14T02:10:20 IST" duration-ms="10211">
      <class name="com.inetbanking.testCases.TC_LoginTest_001">
        <test-method is-config="true" signature="setup(java.lang.String)[pri:0, instance:com.inetbanking.testCases.TC_LoginTest_001@3e27ba32]" started-at="2024-03-14T02:10:09 IST" name="setup" finished-at="2024-03-14T02:10:15 IST" duration-ms="6038" status="PASS">
          <params>
            <param index="0">
              <value>
                <![CDATA[chrome]]>
              </value>
            </param>
          </params>
          <reporter-output>
          </reporter-output>
        </test-method> <!-- setup -->
        <test-method signature="loginTest()[pri:0, instance:com.inetbanking.testCases.TC_LoginTest_001@3e27ba32]" started-at="2024-03-14T02:10:15 IST" name="loginTest" finished-at="2024-03-14T02:10:19 IST" duration-ms="3871" status="PASS">
          <reporter-output>
          </reporter-output>
        </test-method> <!-- loginTest -->
        <test-method is-config="true" signature="tearDown()[pri:0, instance:com.inetbanking.testCases.TC_LoginTest_001@3e27ba32]" started-at="2024-03-14T02:10:19 IST" name="tearDown" finished-at="2024-03-14T02:10:20 IST" duration-ms="205" status="PASS">
          <reporter-output>
          </reporter-output>
        </test-method> <!-- tearDown -->
      </class> <!-- com.inetbanking.testCases.TC_LoginTest_001 -->
    </test> <!-- BankingApp_Test -->
  </suite> <!-- Suite -->
</testng-results>
